2021-04-13 12:11:14,077 p=99423 u=rmegens n=ansible | ERROR! the playbook: check_servers could not be found
2021-04-13 12:11:41,016 p=99575 u=rmegens n=ansible | ERROR! A malformed block was encountered while loading tasks: AnsibleMapping([('debug', AnsibleMapping([('msg', 'Server {{ ansible_nodename }}')]))]) should be a list or None but is <class 'ansible.parsing.yaml.objects.AnsibleMapping'>

The error appears to be in '/home/rmegens/github.com/Ansible-Demos/demo4-Tower/check_servers.yaml': line 2, column 3, but may
be elsewhere in the file depending on the exact syntax problem.

The offending line appears to be:

---
- name: Dude where are my servers
  ^ here

2021-04-13 12:12:05,331 p=99650 u=rmegens n=ansible | ERROR! conflicting action statements: debug, msg

The error appears to be in '/home/rmegens/github.com/Ansible-Demos/demo4-Tower/check_servers.yaml': line 6, column 7, but may
be elsewhere in the file depending on the exact syntax problem.

The offending line appears to be:

  tasks:
    - debug:
      ^ here

2021-04-13 12:12:16,707 p=99698 u=rmegens n=ansible | PLAY [Dude where are my servers] **********************************************************************************************
2021-04-13 12:12:16,722 p=99698 u=rmegens n=ansible | TASK [Gathering Facts] ********************************************************************************************************
2021-04-13 12:12:16,722 p=99698 u=rmegens n=ansible | Tuesday 13 April 2021  12:12:16 +0200 (0:00:00.023)       0:00:00.023 ********* 
2021-04-13 12:12:16,722 p=99698 u=rmegens n=ansible | Tuesday 13 April 2021  12:12:16 +0200 (0:00:00.022)       0:00:00.022 ********* 
2021-04-13 12:12:19,014 p=99698 u=rmegens n=ansible | ok: [myserverc.lenny.local]
2021-04-13 12:12:19,649 p=99698 u=rmegens n=ansible | ok: [myservera]
2021-04-13 12:12:19,681 p=99698 u=rmegens n=ansible | ok: [myservera.lenny.local]
2021-04-13 12:12:19,746 p=99698 u=rmegens n=ansible | ok: [myserverb.lenny.local]
2021-04-13 12:12:19,774 p=99698 u=rmegens n=ansible | ok: [myserverb]
2021-04-13 12:12:20,319 p=99698 u=rmegens n=ansible | ok: [myserverc]
2021-04-13 12:12:20,339 p=99698 u=rmegens n=ansible | TASK [debug] ******************************************************************************************************************
2021-04-13 12:12:20,339 p=99698 u=rmegens n=ansible | Tuesday 13 April 2021  12:12:20 +0200 (0:00:03.617)       0:00:03.640 ********* 
2021-04-13 12:12:20,340 p=99698 u=rmegens n=ansible | Tuesday 13 April 2021  12:12:20 +0200 (0:00:03.617)       0:00:03.639 ********* 
2021-04-13 12:12:20,382 p=99698 u=rmegens n=ansible | ok: [myservera.lenny.local] => {
    "msg": "Server myservera.lenny.local"
}
2021-04-13 12:12:20,398 p=99698 u=rmegens n=ansible | ok: [myserverb.lenny.local] => {
    "msg": "Server myserverb.lenny.local"
}
2021-04-13 12:12:20,415 p=99698 u=rmegens n=ansible | ok: [myserverc.lenny.local] => {
    "msg": "Server myserverc-lenny-local"
}
2021-04-13 12:12:20,416 p=99698 u=rmegens n=ansible | ok: [myservera] => {
    "msg": "Server myservera.lenny.local"
}
2021-04-13 12:12:20,425 p=99698 u=rmegens n=ansible | ok: [myserverb] => {
    "msg": "Server myserverb.lenny.local"
}
2021-04-13 12:12:20,437 p=99698 u=rmegens n=ansible | ok: [myserverc] => {
    "msg": "Server myserverc-lenny-local"
}
2021-04-13 12:12:20,454 p=99698 u=rmegens n=ansible | PLAY RECAP ********************************************************************************************************************
2021-04-13 12:12:20,454 p=99698 u=rmegens n=ansible | myservera                  : ok=2    changed=0    unreachable=0    failed=0    skipped=0    rescued=0    ignored=0   
2021-04-13 12:12:20,454 p=99698 u=rmegens n=ansible | myservera.lenny.local      : ok=2    changed=0    unreachable=0    failed=0    skipped=0    rescued=0    ignored=0   
2021-04-13 12:12:20,454 p=99698 u=rmegens n=ansible | myserverb                  : ok=2    changed=0    unreachable=0    failed=0    skipped=0    rescued=0    ignored=0   
2021-04-13 12:12:20,454 p=99698 u=rmegens n=ansible | myserverb.lenny.local      : ok=2    changed=0    unreachable=0    failed=0    skipped=0    rescued=0    ignored=0   
2021-04-13 12:12:20,454 p=99698 u=rmegens n=ansible | myserverc                  : ok=2    changed=0    unreachable=0    failed=0    skipped=0    rescued=0    ignored=0   
2021-04-13 12:12:20,454 p=99698 u=rmegens n=ansible | myserverc.lenny.local      : ok=2    changed=0    unreachable=0    failed=0    skipped=0    rescued=0    ignored=0   
2021-04-13 12:12:20,454 p=99698 u=rmegens n=ansible | Playbook run took 0 days, 0 hours, 0 minutes, 3 seconds
2021-04-13 12:12:20,454 p=99698 u=rmegens n=ansible | Tuesday 13 April 2021  12:12:20 +0200 (0:00:00.114)       0:00:03.755 ********* 
2021-04-13 12:12:20,454 p=99698 u=rmegens n=ansible | =============================================================================== 
2021-04-13 12:12:20,455 p=99698 u=rmegens n=ansible | gather_facts ------------------------------------------------------------ 3.62s
2021-04-13 12:12:20,455 p=99698 u=rmegens n=ansible | debug ------------------------------------------------------------------- 0.11s
2021-04-13 12:12:20,455 p=99698 u=rmegens n=ansible | ~~~~~~~~~~~~~~~~~~~~~~~~~~~~~~~~~~~~~~~~~~~~~~~~~~~~~~~~~~~~~~~~~~~~~~~~~~~~~~~ 
2021-04-13 12:12:20,455 p=99698 u=rmegens n=ansible | total ------------------------------------------------------------------- 3.73s
2021-04-13 12:12:20,455 p=99698 u=rmegens n=ansible | Tuesday 13 April 2021  12:12:20 +0200 (0:00:00.115)       0:00:03.754 ********* 
2021-04-13 12:12:20,455 p=99698 u=rmegens n=ansible | =============================================================================== 
2021-04-13 12:12:20,455 p=99698 u=rmegens n=ansible | Gathering Facts -------------------------------------------------------------------------------------------------------- 3.62s
2021-04-13 12:12:20,455 p=99698 u=rmegens n=ansible | debug ------------------------------------------------------------------------------------------------------------------ 0.12s
2021-04-14 14:38:00,929 p=518820 u=rmegens n=ansible | PLAY [Dude where are my servers] **************************************************************************************************
2021-04-14 14:38:00,937 p=518820 u=rmegens n=ansible | TASK [Gathering Facts] ************************************************************************************************************
2021-04-14 14:38:00,937 p=518820 u=rmegens n=ansible | Wednesday 14 April 2021  14:38:00 +0200 (0:00:00.011)       0:00:00.011 ******* 
2021-04-14 14:38:00,938 p=518820 u=rmegens n=ansible | Wednesday 14 April 2021  14:38:00 +0200 (0:00:00.010)       0:00:00.010 ******* 
2021-04-14 14:38:04,057 p=518820 u=rmegens n=ansible | fatal: [myserverb.lenny.local]: UNREACHABLE! => {"changed": false, "msg": "Failed to connect to the host via ssh: ssh: connect to host myserverb.lenny.local port 22: No route to host", "unreachable": true}
2021-04-14 14:38:04,058 p=518820 u=rmegens n=ansible | fatal: [myservera]: UNREACHABLE! => {"changed": false, "msg": "Failed to connect to the host via ssh: ssh: connect to host myservera port 22: No route to host", "unreachable": true}
2021-04-14 14:38:04,058 p=518820 u=rmegens n=ansible | fatal: [myserverb]: UNREACHABLE! => {"changed": false, "msg": "Failed to connect to the host via ssh: ssh: connect to host myserverb port 22: No route to host", "unreachable": true}
2021-04-14 14:38:04,059 p=518820 u=rmegens n=ansible | fatal: [myserverc.lenny.local]: UNREACHABLE! => {"changed": false, "msg": "Failed to connect to the host via ssh: ssh: connect to host myserverc.lenny.local port 22: No route to host", "unreachable": true}
2021-04-14 14:38:04,059 p=518820 u=rmegens n=ansible | fatal: [myservera.lenny.local]: UNREACHABLE! => {"changed": false, "msg": "Failed to connect to the host via ssh: ssh: connect to host myservera.lenny.local port 22: No route to host", "unreachable": true}
2021-04-14 14:38:07,125 p=518820 u=rmegens n=ansible | fatal: [myserverc]: UNREACHABLE! => {"changed": false, "msg": "Failed to connect to the host via ssh: ssh: connect to host myserverc port 22: No route to host", "unreachable": true}
2021-04-14 14:38:07,128 p=518820 u=rmegens n=ansible | PLAY RECAP ************************************************************************************************************************
2021-04-14 14:38:07,129 p=518820 u=rmegens n=ansible | myservera                  : ok=0    changed=0    unreachable=1    failed=0    skipped=0    rescued=0    ignored=0   
2021-04-14 14:38:07,129 p=518820 u=rmegens n=ansible | myservera.lenny.local      : ok=0    changed=0    unreachable=1    failed=0    skipped=0    rescued=0    ignored=0   
2021-04-14 14:38:07,130 p=518820 u=rmegens n=ansible | myserverb                  : ok=0    changed=0    unreachable=1    failed=0    skipped=0    rescued=0    ignored=0   
2021-04-14 14:38:07,130 p=518820 u=rmegens n=ansible | myserverb.lenny.local      : ok=0    changed=0    unreachable=1    failed=0    skipped=0    rescued=0    ignored=0   
2021-04-14 14:38:07,131 p=518820 u=rmegens n=ansible | myserverc                  : ok=0    changed=0    unreachable=1    failed=0    skipped=0    rescued=0    ignored=0   
2021-04-14 14:38:07,131 p=518820 u=rmegens n=ansible | myserverc.lenny.local      : ok=0    changed=0    unreachable=1    failed=0    skipped=0    rescued=0    ignored=0   
2021-04-14 14:38:07,131 p=518820 u=rmegens n=ansible | Playbook run took 0 days, 0 hours, 0 minutes, 6 seconds
2021-04-14 14:38:07,132 p=518820 u=rmegens n=ansible | Wednesday 14 April 2021  14:38:07 +0200 (0:00:06.194)       0:00:06.205 ******* 
2021-04-14 14:38:07,132 p=518820 u=rmegens n=ansible | =============================================================================== 
2021-04-14 14:38:07,133 p=518820 u=rmegens n=ansible | gather_facts ------------------------------------------------------------ 6.19s
2021-04-14 14:38:07,133 p=518820 u=rmegens n=ansible | ~~~~~~~~~~~~~~~~~~~~~~~~~~~~~~~~~~~~~~~~~~~~~~~~~~~~~~~~~~~~~~~~~~~~~~~~~~~~~~~ 
2021-04-14 14:38:07,133 p=518820 u=rmegens n=ansible | total ------------------------------------------------------------------- 6.19s
2021-04-14 14:38:07,133 p=518820 u=rmegens n=ansible | Wednesday 14 April 2021  14:38:07 +0200 (0:00:06.195)       0:00:06.206 ******* 
2021-04-14 14:38:07,133 p=518820 u=rmegens n=ansible | =============================================================================== 
2021-04-14 14:38:07,133 p=518820 u=rmegens n=ansible | Gathering Facts ------------------------------------------------------------------------------------------------------------ 6.20s
